[0.006s] Invoking command in '/home/nvidia/code/robot_driver_pkg/src/build/robot_msgs': /usr/bin/cmake /home/nvidia/code/robot_driver_pkg/src/robot_msgs -DCATKIN_INSTALL_INTO_PREFIX_ROOT=0 -DCMAKE_INSTALL_PREFIX=/home/nvidia/code/robot_driver_pkg/src/install/robot_msgs
[0.044s] -- The C compiler identification is GNU 11.4.0
[0.077s] -- The CXX compiler identification is GNU 11.4.0
[0.081s] -- Detecting C compiler ABI info
[0.129s] -- Detecting C compiler ABI info - done
[0.133s] -- Check for working C compiler: /usr/bin/cc - skipped
[0.133s] -- Detecting C compile features
[0.133s] -- Detecting C compile features - done
[0.135s] -- Detecting CXX compiler ABI info
[0.186s] -- Detecting CXX compiler ABI info - done
[0.191s] -- Check for working CXX compiler: /usr/bin/c++ - skipped
[0.191s] -- Detecting CXX compile features
[0.191s] -- Detecting CXX compile features - done
[0.192s] -- Found ament_cmake: 1.3.12 (/opt/ros/humble/share/ament_cmake/cmake)
[0.290s] -- Found Python3: /usr/bin/python3 (found version "3.10.12") found components: Interpreter 
[0.343s] -- Found rosidl_default_generators: 1.2.0 (/opt/ros/humble/share/rosidl_default_generators/cmake)
[0.345s] -- Using all available rosidl_typesupport_c: rosidl_typesupport_fastrtps_c;rosidl_typesupport_introspection_c
[0.348s] -- Found rosidl_adapter: 3.1.7 (/opt/ros/humble/share/rosidl_adapter/cmake)
[0.369s] -- Using all available rosidl_typesupport_cpp: rosidl_typesupport_fastrtps_cpp;rosidl_typesupport_introspection_cpp
[0.543s] -- Found ament_cmake_ros: 0.10.0 (/opt/ros/humble/share/ament_cmake_ros/cmake)
[0.663s] -- Using all available rosidl_typesupport_c: rosidl_typesupport_fastrtps_c;rosidl_typesupport_introspection_c
[0.816s] -- Using all available rosidl_typesupport_cpp: rosidl_typesupport_fastrtps_cpp;rosidl_typesupport_introspection_cpp
[0.830s] -- Found PythonInterp: /usr/bin/python3 (found suitable version "3.10.12", minimum required is "3.6") 
[0.830s] -- Found python_cmake_module: 0.10.0 (/opt/ros/humble/share/python_cmake_module/cmake)
[0.845s] -- Found PythonLibs: /usr/lib/x86_64-linux-gnu/libpython3.10.so (found suitable version "3.10.12", minimum required is "3.5") 
[0.845s] -- Using PYTHON_EXECUTABLE: /usr/bin/python3
[0.845s] -- Using PYTHON_INCLUDE_DIRS: /usr/include/python3.10
[0.845s] -- Using PYTHON_LIBRARIES: /usr/lib/x86_64-linux-gnu/libpython3.10.so
[0.857s] -- Found PythonExtra: .so  
[0.877s] -- Configuring done
[0.890s] -- Generating done
[0.892s] [33mCMake Warning:
[0.892s]   Manually-specified variables were not used by the project:
[0.892s] 
[0.892s]     CATKIN_INSTALL_INTO_PREFIX_ROOT
[0.892s] 
[0.892s] [0m
[0.895s] -- Build files have been written to: /home/nvidia/code/robot_driver_pkg/src/build/robot_msgs
[0.900s] Invoked command in '/home/nvidia/code/robot_driver_pkg/src/build/robot_msgs' returned '0': /usr/bin/cmake /home/nvidia/code/robot_driver_pkg/src/robot_msgs -DCATKIN_INSTALL_INTO_PREFIX_ROOT=0 -DCMAKE_INSTALL_PREFIX=/home/nvidia/code/robot_driver_pkg/src/install/robot_msgs
[0.902s] Invoking command in '/home/nvidia/code/robot_driver_pkg/src/build/robot_msgs': /usr/bin/cmake --build /home/nvidia/code/robot_driver_pkg/src/build/robot_msgs -- -j16 -l16
[0.933s] [  2%] [34m[1mGenerating C code for ROS interfaces[0m
[0.941s] [  5%] [34m[1mGenerating C++ code for ROS interfaces[0m
[0.945s] [  5%] Built target ament_cmake_python_copy_robot_msgs
[1.099s] running egg_info
[1.099s] creating robot_msgs.egg-info
[1.099s] writing robot_msgs.egg-info/PKG-INFO
[1.099s] writing dependency_links to robot_msgs.egg-info/dependency_links.txt
[1.100s] writing top-level names to robot_msgs.egg-info/top_level.txt
[1.100s] writing manifest file 'robot_msgs.egg-info/SOURCES.txt'
[1.101s] reading manifest file 'robot_msgs.egg-info/SOURCES.txt'
[1.101s] writing manifest file 'robot_msgs.egg-info/SOURCES.txt'
[1.124s] [  5%] Built target robot_msgs__cpp
[1.125s] [  7%] [32mBuilding C object CMakeFiles/robot_msgs__rosidl_generator_c.dir/rosidl_generator_c/robot_msgs/msg/detail/motor_command__functions.c.o[0m
[1.126s] [ 10%] [32mBuilding C object CMakeFiles/robot_msgs__rosidl_generator_c.dir/rosidl_generator_c/robot_msgs/msg/detail/motor_command_array__functions.c.o[0m
[1.126s] [ 10%] Built target ament_cmake_python_build_robot_msgs_egg
[1.130s] [ 15%] [34m[1mGenerating C++ type support for eProsima Fast-RTPS[0m
[1.130s] [ 15%] [34m[1mGenerating C++ type support dispatch for ROS interfaces[0m
[1.132s] [ 17%] [34m[1mGenerating C++ introspection for ROS interfaces[0m
[1.137s] In file included from [01m[K/home/nvidia/code/robot_driver_pkg/src/build/robot_msgs/rosidl_generator_c/robot_msgs/msg/detail/motor_command_array__functions.h:19[m[K,
[1.137s]                  from [01m[K/home/nvidia/code/robot_driver_pkg/src/build/robot_msgs/rosidl_generator_c/robot_msgs/msg/detail/motor_command_array__functions.c:4[m[K:
[1.137s] [01m[K/home/nvidia/code/robot_driver_pkg/src/build/robot_msgs/rosidl_generator_c/robot_msgs/msg/detail/motor_command_array__struct.h:22:10:[m[K [01;31m[Kfatal error: [m[Krobot_driver_pkg/msg/detail/motor_command__struct.h: No such file or directory
[1.137s]    22 | #include [01;31m[K"robot_driver_pkg/msg/detail/motor_command__struct.h"[m[K
[1.137s]       |          [01;31m[K^~~~~~~~~~~~~~~~~~~~~~~~~~~~~~~~~~~~~~~~~~~~~~~~~~~~~[m[K
[1.137s] compilation terminated.
[1.139s] gmake[2]: *** [CMakeFiles/robot_msgs__rosidl_generator_c.dir/build.make:135: CMakeFiles/robot_msgs__rosidl_generator_c.dir/rosidl_generator_c/robot_msgs/msg/detail/motor_command_array__functions.c.o] Error 1
[1.139s] gmake[2]: *** Waiting for unfinished jobs....
[1.150s] gmake[1]: *** [CMakeFiles/Makefile2:213: CMakeFiles/robot_msgs__rosidl_generator_c.dir/all] Error 2
[1.150s] gmake[1]: *** Waiting for unfinished jobs....
[1.288s] [ 20%] [32mBuilding CXX object CMakeFiles/robot_msgs__rosidl_typesupport_cpp.dir/rosidl_typesupport_cpp/robot_msgs/msg/motor_command__type_support.cpp.o[0m
[1.288s] [ 23%] [32mBuilding CXX object CMakeFiles/robot_msgs__rosidl_typesupport_cpp.dir/rosidl_typesupport_cpp/robot_msgs/msg/motor_command_array__type_support.cpp.o[0m
[1.298s] [ 25%] [32mBuilding CXX object CMakeFiles/robot_msgs__rosidl_typesupport_introspection_cpp.dir/rosidl_typesupport_introspection_cpp/robot_msgs/msg/detail/motor_command__type_support.cpp.o[0m
[1.299s] [ 28%] [32mBuilding CXX object CMakeFiles/robot_msgs__rosidl_typesupport_introspection_cpp.dir/rosidl_typesupport_introspection_cpp/robot_msgs/msg/detail/motor_command_array__type_support.cpp.o[0m
[1.313s] [ 30%] [32mBuilding CXX object CMakeFiles/robot_msgs__rosidl_typesupport_fastrtps_cpp.dir/rosidl_typesupport_fastrtps_cpp/robot_msgs/msg/detail/dds_fastrtps/motor_command__type_support.cpp.o[0m
[1.315s] [ 33%] [32mBuilding CXX object CMakeFiles/robot_msgs__rosidl_typesupport_fastrtps_cpp.dir/rosidl_typesupport_fastrtps_cpp/robot_msgs/msg/detail/dds_fastrtps/motor_command_array__type_support.cpp.o[0m
[1.336s] In file included from [01m[K/home/nvidia/code/robot_driver_pkg/src/build/robot_msgs/rosidl_typesupport_cpp/robot_msgs/msg/motor_command_array__type_support.cpp:7[m[K:
[1.336s] [01m[K/home/nvidia/code/robot_driver_pkg/src/build/robot_msgs/rosidl_generator_cpp/robot_msgs/msg/detail/motor_command_array__struct.hpp:20:10:[m[K [01;31m[Kfatal error: [m[Krobot_driver_pkg/msg/detail/motor_command__struct.hpp: No such file or directory
[1.336s]    20 | #include [01;31m[K"robot_driver_pkg/msg/detail/motor_command__struct.hpp"[m[K
[1.336s]       |          [01;31m[K^~~~~~~~~~~~~~~~~~~~~~~~~~~~~~~~~~~~~~~~~~~~~~~~~~~~~~~[m[K
[1.336s] compilation terminated.
[1.339s] gmake[2]: *** [CMakeFiles/robot_msgs__rosidl_typesupport_cpp.dir/build.make:104: CMakeFiles/robot_msgs__rosidl_typesupport_cpp.dir/rosidl_typesupport_cpp/robot_msgs/msg/motor_command_array__type_support.cpp.o] Error 1
[1.339s] gmake[2]: *** Waiting for unfinished jobs....
[1.352s] In file included from [01m[K/home/nvidia/code/robot_driver_pkg/src/build/robot_msgs/rosidl_typesupport_fastrtps_cpp/robot_msgs/msg/detail/motor_command_array__rosidl_typesupport_fastrtps_cpp.hpp:11[m[K,
[1.352s]                  from [01m[K/home/nvidia/code/robot_driver_pkg/src/build/robot_msgs/rosidl_typesupport_fastrtps_cpp/robot_msgs/msg/detail/dds_fastrtps/motor_command_array__type_support.cpp:4[m[K:
[1.352s] [01m[K/home/nvidia/code/robot_driver_pkg/src/build/robot_msgs/rosidl_generator_cpp/robot_msgs/msg/detail/motor_command_array__struct.hpp:20:10:[m[K [01;31m[Kfatal error: [m[Krobot_driver_pkg/msg/detail/motor_command__struct.hpp: No such file or directory
[1.352s]    20 | #include [01;31m[K"robot_driver_pkg/msg/detail/motor_command__struct.hpp"[m[K
[1.352s]       |          [01;31m[K^~~~~~~~~~~~~~~~~~~~~~~~~~~~~~~~~~~~~~~~~~~~~~~~~~~~~~~[m[K
[1.352s] compilation terminated.
[1.353s] In file included from [01m[K/home/nvidia/code/robot_driver_pkg/src/build/robot_msgs/rosidl_typesupport_introspection_cpp/robot_msgs/msg/detail/motor_command_array__type_support.cpp:12[m[K:
[1.353s] [01m[K/home/nvidia/code/robot_driver_pkg/src/build/robot_msgs/rosidl_generator_cpp/robot_msgs/msg/detail/motor_command_array__struct.hpp:20:10:[m[K [01;31m[Kfatal error: [m[Krobot_driver_pkg/msg/detail/motor_command__struct.hpp: No such file or directory
[1.353s]    20 | #include [01;31m[K"robot_driver_pkg/msg/detail/motor_command__struct.hpp"[m[K
[1.353s]       |          [01;31m[K^~~~~~~~~~~~~~~~~~~~~~~~~~~~~~~~~~~~~~~~~~~~~~~~~~~~~~~[m[K
[1.353s] compilation terminated.
[1.354s] gmake[2]: *** [CMakeFiles/robot_msgs__rosidl_typesupport_introspection_cpp.dir/build.make:112: CMakeFiles/robot_msgs__rosidl_typesupport_introspection_cpp.dir/rosidl_typesupport_introspection_cpp/robot_msgs/msg/detail/motor_command_array__type_support.cpp.o] Error 1
[1.354s] gmake[2]: *** Waiting for unfinished jobs....
[1.354s] gmake[2]: *** [CMakeFiles/robot_msgs__rosidl_typesupport_fastrtps_cpp.dir/build.make:112: CMakeFiles/robot_msgs__rosidl_typesupport_fastrtps_cpp.dir/rosidl_typesupport_fastrtps_cpp/robot_msgs/msg/detail/dds_fastrtps/motor_command_array__type_support.cpp.o] Error 1
[1.354s] gmake[2]: *** Waiting for unfinished jobs....
[1.431s] gmake[1]: *** [CMakeFiles/Makefile2:395: CMakeFiles/robot_msgs__rosidl_typesupport_cpp.dir/all] Error 2
[1.492s] gmake[1]: *** [CMakeFiles/Makefile2:369: CMakeFiles/robot_msgs__rosidl_typesupport_introspection_cpp.dir/all] Error 2
[1.517s] gmake[1]: *** [CMakeFiles/Makefile2:343: CMakeFiles/robot_msgs__rosidl_typesupport_fastrtps_cpp.dir/all] Error 2
[1.518s] gmake: *** [Makefile:146: all] Error 2
[1.519s] Invoked command in '/home/nvidia/code/robot_driver_pkg/src/build/robot_msgs' returned '2': /usr/bin/cmake --build /home/nvidia/code/robot_driver_pkg/src/build/robot_msgs -- -j16 -l16
